<?xml version="1.0" encoding="UTF-8"?>
<!-- Generated by org.testng.reporters.JUnitReportReporter -->
<testsuite hostname="DESKTOP-AA97AU4" failures="0" tests="1" name="Test_cases.TC_01" time="16.488" errors="0" timestamp="2 Mar 2020 11:20:07 GMT">
  <testcase classname="Test_cases.TC_01" name="test" time="16.488"/>
</testsuite> <!-- Test_cases.TC_01 -->
